(node:57800) [MODULE_TYPELESS_PACKAGE_JSON] Warning: Module type of file:///C:/Users/viniciusaraujo/Documents/GDrive/projects/GeoTask-Pro/geotask-pro/prisma/seed_from_excel.ts is not specified and it doesn't parse as CommonJS.
Reparsing as ES module because module syntax was detected. This incurs a performance overhead.
To eliminate this warning, add "type": "module" to C:\Users\viniciusaraujo\Documents\GDrive\projects\GeoTask-Pro\geotask-pro\package.json.
(Use `node --trace-warnings ...` to show where the warning was created)
🌱 Starting seed from Excel...
📊 Found 49 users in Excel.
🔑 Hashing password...
🔑 Password hashed.
🎭 Seeding Roles: [ 'Liderado', 'Gestor', 'CEO', 'Coordenador' ]
🏢 Seeding Sectors: [
  'Administrativo',
  'Atendimento ao Cliente',
  'Atendimento Social',
  'Cadastro',
  'Coordenação',
  'Engenharia',
  'Financeiro',
  'REURB',
  'RH',
  'TI'
]
👥 Seeding Users...
✅ Seed from Excel completed!
